[2024-04-25 23:25:09,293: INFO: main: Welcome to our custom logging]
[2024-04-27 17:45:32,322: INFO: common: yaml file: config\config.yaml loaded successfully]
[2024-04-27 17:45:32,337: INFO: common: yaml file: params.yaml loaded successfully]
[2024-04-27 17:48:16,096: INFO: common: yaml file: config\config.yaml loaded successfully]
[2024-04-27 17:48:16,098: INFO: common: yaml file: params.yaml loaded successfully]
[2024-04-27 17:48:16,100: INFO: common: yaml file: schema.yaml loaded successfully]
[2024-04-27 17:49:58,710: INFO: common: yaml file: config\config.yaml loaded successfully]
[2024-04-27 17:49:58,712: INFO: common: yaml file: params.yaml loaded successfully]
[2024-04-27 17:49:58,714: INFO: common: yaml file: schema.yaml loaded successfully]
[2024-04-27 17:52:23,043: INFO: common: yaml file: config\config.yaml loaded successfully]
[2024-04-27 17:52:23,044: INFO: common: yaml file: params.yaml loaded successfully]
[2024-04-27 17:52:23,046: INFO: common: yaml file: schema.yaml loaded successfully]
[2024-04-27 17:52:23,048: INFO: common: created directory at: artifacts]
[2024-04-27 18:02:45,986: INFO: common: yaml file: config\config.yaml loaded successfully]
[2024-04-27 18:02:45,988: INFO: common: yaml file: params.yaml loaded successfully]
[2024-04-27 18:02:45,990: INFO: common: yaml file: schema.yaml loaded successfully]
[2024-04-27 18:02:45,991: INFO: common: created directory at: artifacts]
[2024-04-27 18:02:45,993: INFO: common: created directory at: artifacts/data_ingestion]
[2024-04-27 18:03:21,340: INFO: common: yaml file: config\config.yaml loaded successfully]
[2024-04-27 18:03:21,342: INFO: common: yaml file: params.yaml loaded successfully]
[2024-04-27 18:03:21,344: INFO: common: yaml file: schema.yaml loaded successfully]
[2024-04-27 18:03:21,345: INFO: common: created directory at: artifacts]
[2024-04-27 18:03:21,347: INFO: common: created directory at: artifacts/data_ingestion]
[2024-04-27 18:03:22,509: INFO: 1770394596: artifacts/data_ingestion/data.zip download! with following info: 
Connection: close
Content-Length: 23329
Cache-Control: max-age=300
Content-Security-Policy: default-src 'none'; style-src 'unsafe-inline'; sandbox
Content-Type: application/zip
ETag: "c69888a4ae59bc5a893392785a938ccd4937981c06ba8a9d6a21aa52b4ab5b6e"
Strict-Transport-Security: max-age=31536000
X-Content-Type-Options: nosniff
X-Frame-Options: deny
X-XSS-Protection: 1; mode=block
X-GitHub-Request-Id: C4DC:207C7D:1AA484:238C55:662CF08E
Accept-Ranges: bytes
Date: Sat, 27 Apr 2024 12:33:21 GMT
Via: 1.1 varnish
X-Served-By: cache-bom4736-BOM
X-Cache: MISS
X-Cache-Hits: 0
X-Timer: S1714221201.340102,VS0,VE310
Vary: Authorization,Accept-Encoding,Origin
Access-Control-Allow-Origin: *
Cross-Origin-Resource-Policy: cross-origin
X-Fastly-Request-ID: 8c49b66807452666cb35cddef826bbb67edd96a7
Expires: Sat, 27 Apr 2024 12:38:21 GMT
Source-Age: 0

]
[2024-04-27 18:04:21,963: INFO: common: yaml file: config\config.yaml loaded successfully]
[2024-04-27 18:04:21,965: INFO: common: yaml file: params.yaml loaded successfully]
[2024-04-27 18:04:21,967: INFO: common: yaml file: schema.yaml loaded successfully]
[2024-04-27 18:04:21,969: INFO: common: created directory at: artifacts]
[2024-04-27 18:04:21,970: INFO: common: created directory at: artifacts/data_ingestion]
[2024-04-27 18:04:21,972: INFO: 1770394596: File already exists of size: ~23 KB]
[2024-04-27 18:04:39,744: INFO: common: yaml file: config\config.yaml loaded successfully]
[2024-04-27 18:04:39,746: INFO: common: yaml file: params.yaml loaded successfully]
[2024-04-27 18:04:39,748: INFO: common: yaml file: schema.yaml loaded successfully]
[2024-04-27 18:04:39,749: INFO: common: created directory at: artifacts]
[2024-04-27 18:04:39,751: INFO: common: created directory at: artifacts/data_ingestion]
[2024-04-27 18:04:39,752: INFO: 1770394596: File already exists of size: ~23 KB]
[2024-04-27 18:05:04,757: INFO: common: yaml file: config\config.yaml loaded successfully]
[2024-04-27 18:05:04,759: INFO: common: yaml file: params.yaml loaded successfully]
[2024-04-27 18:05:04,762: INFO: common: yaml file: schema.yaml loaded successfully]
[2024-04-27 18:05:04,763: INFO: common: created directory at: artifacts]
[2024-04-27 18:05:04,765: INFO: common: created directory at: artifacts/data_ingestion]
[2024-04-27 18:05:04,767: INFO: 4165007749: File already exists of size: ~23 KB]
